<?xml version="1.0" encoding="UTF-8"?>
<!-- Generated by org.testng.reporters.JUnitReportReporter -->
<testsuite hostname="DESKTOP-NV8ED83" name="com.acti.base.DriverScript" tests="1" failures="0" timestamp="2 Aug 2020 23:04:37 GMT" time="7.717" errors="0">
  <testcase name="initBrowser" time="7.717" classname="com.acti.base.DriverScript"/>
</testsuite> <!-- com.acti.base.DriverScript -->
